[00:07:57] [Server thread/INFO]: Umiya_yuki was burnt to a crisp whilst fighting ikok2017
[00:08:14] [Server thread/INFO]: Teleported Umiya_yuki to ikok2017
[00:52:47] [Server thread/INFO]: kakocchi has just earned the achievement [Benchmarking]
[00:53:26] [Server thread/INFO]: kakocchi has just earned the achievement [Time to Mine!]
[00:53:26] [Server thread/INFO]: kakocchi has just earned the achievement [Getting an Upgrade]
[00:55:52] [Server thread/INFO]: kakocchi was slain by ikok2017
[01:04:23] [Server thread/INFO]: Umiya_yuki was slain by kakocchi
[01:04:34] [Server thread/INFO]: Teleported Umiya_yuki to ikok2017
[01:47:21] [Server thread/INFO]: Umiya_yuki was slain by ikok2017
[01:48:04] [Server thread/INFO]: Umiya_yuki has just earned the achievement [Benchmarking]
[01:52:14] [Server thread/INFO]: Umiya_yuki has just earned the achievement [Time to Mine!]
[01:57:17] [Server thread/INFO]: Teleported Umiya_yuki to ikok2017
[01:58:48] [Server thread/INFO]: Umiya_yuki was slain by kakocchi
[01:59:15] [Server thread/INFO]: Teleported Umiya_yuki to ikok2017
[01:59:25] [Server thread/INFO]: Umiya_yuki was slain by kakocchi
[01:59:39] [Server thread/INFO]: Teleported Umiya_yuki to ikok2017
[02:03:49] [Server thread/INFO]: kakocchi tried to swim in lava
[02:13:35] [Server thread/INFO]: ikok2017 suffocated in a wall
[02:20:52] [Server thread/INFO]: Umiya_yuki has just earned the achievement [Getting an Upgrade]
[02:24:35] [Server thread/INFO]: ikok2017 lost connection: TextComponent{text='Disconnected', siblings=[], style=Style{hasParent=false, color=null, bold=null, italic=null, underlined=null, obfuscated=null, clickEvent=null, hoverEvent=null, insertion=null}}
[02:24:35] [Server thread/INFO]: ikok2017 left the game
[02:24:50] [Server thread/INFO]: Umiya_yuki lost connection: TextComponent{text='Disconnected', siblings=[], style=Style{hasParent=false, color=null, bold=null, italic=null, underlined=null, obfuscated=null, clickEvent=null, hoverEvent=null, insertion=null}}
[02:24:50] [Server thread/INFO]: Umiya_yuki left the game
[02:24:54] [Server thread/INFO]: kakocchi lost connection: TextComponent{text='Disconnected', siblings=[], style=Style{hasParent=false, color=null, bold=null, italic=null, underlined=null, obfuscated=null, clickEvent=null, hoverEvent=null, insertion=null}}
[02:24:54] [Server thread/INFO]: kakocchi left the game
[02:25:04] [Server thread/INFO]: Stopping the server
[02:25:04] [Server thread/INFO]: Stopping server
[02:25:04] [Server thread/INFO]: Saving players
[02:25:04] [Server thread/INFO]: Saving worlds
[02:25:04] [Server thread/INFO]: Saving chunks for level 'world'/Overworld
[02:25:04] [Server thread/INFO]: Saving chunks for level 'world'/Nether
[02:25:04] [Server thread/INFO]: Saving chunks for level 'world'/The End
[02:25:04] [Server Shutdown Thread/INFO]: Stopping server
[02:25:04] [Server Shutdown Thread/INFO]: Saving players
